<?xml version="1.0" encoding="UTF-8"?>
<!-- Generated by org.testng.reporters.JUnitXMLReporter -->
<testsuite ignored="2" hostname="Naveen-HPLaptop" failures="0" tests="1" name="Grouping" time="8.826" errors="0" timestamp="2024-11-27T00:26:29 IST">
  <testcase classname="testCases.TC002_AccountLoginTest" name="validateAccountLogin" time="1.582"/>
  <testcase classname="testCases.TC001_AccountRegistrationTest" name="validateAccountRegitration" time="0.0">
    <ignored/>
  </testcase> <!-- validateAccountRegitration -->
  <testcase classname="testCases.TC_003_LoginDDT" name="verify_loginDDT" time="0.0">
    <ignored/>
  </testcase> <!-- verify_loginDDT -->
</testsuite> <!-- Grouping -->
