<?xml version="1.0" encoding="UTF-8"?>
<testng-results ignored="0" total="2" passed="2" failed="0" skipped="0">
  <reporter-output>
  </reporter-output>
  <suite started-at="2024-12-04T19:32:34 IST" name="Suite" finished-at="2024-12-04T19:33:04 IST" duration-ms="29587">
    <groups>
      <group name="regression">
        <method signature="TC001_AccountRegistrationTest.validateAccountRegitration()[pri:0, instance:testCases.TC001_AccountRegistrationTest@36060e]" name="validateAccountRegitration" class="testCases.TC001_AccountRegistrationTest"/>
      </group> <!-- regression -->
      <group name="sanity">
        <method signature="TC002_AccountLoginTest.validateAccountLogin()[pri:0, instance:testCases.TC002_AccountLoginTest@78d6692f]" name="validateAccountLogin" class="testCases.TC002_AccountLoginTest"/>
      </group> <!-- sanity -->
      <group name="master">
        <method signature="TC001_AccountRegistrationTest.validateAccountRegitration()[pri:0, instance:testCases.TC001_AccountRegistrationTest@36060e]" name="validateAccountRegitration" class="testCases.TC001_AccountRegistrationTest"/>
        <method signature="TC002_AccountLoginTest.validateAccountLogin()[pri:0, instance:testCases.TC002_AccountLoginTest@78d6692f]" name="validateAccountLogin" class="testCases.TC002_AccountLoginTest"/>
      </group> <!-- master -->
    </groups>
    <test started-at="2024-12-04T19:32:34 IST" name="TC001_AccountRegistrationTest" finished-at="2024-12-04T19:32:50 IST" duration-ms="15926">
      <class name="testCases.TC001_AccountRegistrationTest">
        <test-method is-config="true" signature="startSetup(java.lang.String,java.lang.String)[pri:0, instance:testCases.TC001_AccountRegistrationTest@36060e]" started-at="2024-12-04T19:32:34 IST" name="startSetup" finished-at="2024-12-04T19:32:46 IST" duration-ms="11330" status="PASS">
          <params>
            <param index="0">
              <value>
                <![CDATA[Windows]]>
              </value>
            </param>
            <param index="1">
              <value>
                <![CDATA[chrome]]>
              </value>
            </param>
          </params>
          <reporter-output>
          </reporter-output>
        </test-method> <!-- startSetup -->
        <test-method signature="validateAccountRegitration()[pri:0, instance:testCases.TC001_AccountRegistrationTest@36060e]" started-at="2024-12-04T19:32:46 IST" name="validateAccountRegitration" finished-at="2024-12-04T19:32:49 IST" duration-ms="3400" status="PASS">
          <reporter-output>
          </reporter-output>
        </test-method> <!-- validateAccountRegitration -->
        <test-method is-config="true" signature="tearSetup()[pri:0, instance:testCases.TC001_AccountRegistrationTest@36060e]" started-at="2024-12-04T19:32:49 IST" name="tearSetup" finished-at="2024-12-04T19:32:50 IST" duration-ms="739" status="PASS">
          <reporter-output>
          </reporter-output>
        </test-method> <!-- tearSetup -->
      </class> <!-- testCases.TC001_AccountRegistrationTest -->
    </test> <!-- TC001_AccountRegistrationTest -->
    <test started-at="2024-12-04T19:32:53 IST" name="TC002_AccountLoginTest" finished-at="2024-12-04T19:33:04 IST" duration-ms="10985">
      <class name="testCases.TC002_AccountLoginTest">
        <test-method is-config="true" signature="startSetup(java.lang.String,java.lang.String)[pri:0, instance:testCases.TC002_AccountLoginTest@78d6692f]" started-at="2024-12-04T19:32:53 IST" name="startSetup" finished-at="2024-12-04T19:32:59 IST" duration-ms="6561" status="PASS">
          <params>
            <param index="0">
              <value>
                <![CDATA[Windows]]>
              </value>
            </param>
            <param index="1">
              <value>
                <![CDATA[chrome]]>
              </value>
            </param>
          </params>
          <reporter-output>
          </reporter-output>
        </test-method> <!-- startSetup -->
        <test-method signature="validateAccountLogin()[pri:0, instance:testCases.TC002_AccountLoginTest@78d6692f]" started-at="2024-12-04T19:32:59 IST" name="validateAccountLogin" finished-at="2024-12-04T19:33:03 IST" duration-ms="4101" status="PASS">
          <reporter-output>
          </reporter-output>
        </test-method> <!-- validateAccountLogin -->
        <test-method is-config="true" signature="tearSetup()[pri:0, instance:testCases.TC002_AccountLoginTest@78d6692f]" started-at="2024-12-04T19:33:03 IST" name="tearSetup" finished-at="2024-12-04T19:33:04 IST" duration-ms="319" status="PASS">
          <reporter-output>
          </reporter-output>
        </test-method> <!-- tearSetup -->
      </class> <!-- testCases.TC002_AccountLoginTest -->
    </test> <!-- TC002_AccountLoginTest -->
  </suite> <!-- Suite -->
</testng-results>
