<?xml version="1.0" encoding="UTF-8"?>
<testsuite xmlns:xsi="http://www.w3.org/2001/XMLSchema-instance" xsi:noNamespaceSchemaLocation="https://maven.apache.org/surefire/maven-surefire-plugin/xsd/surefire-test-report.xsd" version="3.0.2" name="TestSuite" time="31.385" tests="2" errors="0" skipped="0" failures="0">
  <properties>
[...]
</properties>
  <testcase name="validateAccountRegitration" classname="testCases.TC001_AccountRegistrationTest" time="3.484">
    <system-out><![CDATA[19:32:46.611 [main] INFO  testCases.TC001_AccountRegistrationTest - ***Starting TC001_AccountRegistrationTest***
19:32:46.788 [main] INFO  testCases.TC001_AccountRegistrationTest - Clicked on MyAccount
19:32:46.955 [main] INFO  testCases.TC001_AccountRegistrationTest - Clicked on register
19:32:47.620 [main] INFO  testCases.TC001_AccountRegistrationTest - Providing customer details
19:32:49.671 [main] INFO  testCases.TC001_AccountRegistrationTest - Validating expected message
19:32:49.777 [main] INFO  testCases.TC001_AccountRegistrationTest - ***Finished TC001_AccountRegistrationTest***
]]></system-out>
    <system-err><![CDATA[Dec 04, 2024 7:32:36 PM org.openqa.selenium.manager.SeleniumManager lambda$runCommand$1
WARNING: Metadata cannot be written in cache (C:\Users\Naveen\.cache\selenium): Access is denied. (os error 5)
Dec 04, 2024 7:32:40 PM org.openqa.selenium.devtools.CdpVersionFinder findNearestMatch
WARNING: Unable to find an exact match for CDP version 131, returning the closest version; found: 130; Please update to a Selenium version that supports CDP version 131
]]></system-err>
  </testcase>
  <testcase name="validateAccountLogin" classname="testCases.TC002_AccountLoginTest" time="4.102">
    <system-out><![CDATA[19:32:59.853 [main] INFO  testCases.TC002_AccountLoginTest - ***Started TC002_AccountLoginTest***
19:32:59.853 [main] INFO  testCases.TC002_AccountLoginTest - clicked on my account
19:33:02.279 [main] INFO  testCases.TC002_AccountLoginTest - clicked on login on home page
19:33:02.707 [main] INFO  testCases.TC002_AccountLoginTest - entered email
19:33:03.056 [main] INFO  testCases.TC002_AccountLoginTest - entered password
19:33:03.236 [main] INFO  testCases.TC002_AccountLoginTest - clicked on login btn
19:33:03.862 [main] INFO  testCases.TC002_AccountLoginTest - confirming login or not
19:33:03.952 [main] INFO  testCases.TC002_AccountLoginTest - Login success
19:33:03.953 [main] INFO  testCases.TC002_AccountLoginTest - ***Ended TC002_AccountLoginTest***
]]></system-out>
    <system-err><![CDATA[Dec 04, 2024 7:32:54 PM org.openqa.selenium.manager.SeleniumManager lambda$runCommand$1
WARNING: Metadata cannot be written in cache (C:\Users\Naveen\.cache\selenium): Access is denied. (os error 5)
Dec 04, 2024 7:32:56 PM org.openqa.selenium.devtools.CdpVersionFinder findNearestMatch
WARNING: Unable to find an exact match for CDP version 131, returning the closest version; found: 130; Please update to a Selenium version that supports CDP version 131
]]></system-err>
  </testcase>
</testsuite>