<?xml version="1.0" encoding="UTF-8"?>
<testng-results ignored="0" total="3" passed="3" failed="0" skipped="0">
  <reporter-output>
  </reporter-output>
  <suite started-at="2024-12-04T19:04:32 IST" name="Suite" finished-at="2024-12-04T19:07:38 IST" duration-ms="185202">
    <groups>
      <group name="sanity">
        <method signature="TC002_AccountLoginTest.validateAccountLogin()[pri:0, instance:testCases.TC002_AccountLoginTest@42e3ede4]" name="validateAccountLogin" class="testCases.TC002_AccountLoginTest"/>
        <method signature="TC002_AccountLoginTest.validateAccountLogin()[pri:0, instance:testCases.TC002_AccountLoginTest@40499e4f]" name="validateAccountLogin" class="testCases.TC002_AccountLoginTest"/>
        <method signature="TC002_AccountLoginTest.validateAccountLogin()[pri:0, instance:testCases.TC002_AccountLoginTest@30d4b288]" name="validateAccountLogin" class="testCases.TC002_AccountLoginTest"/>
      </group> <!-- sanity -->
      <group name="master">
        <method signature="TC002_AccountLoginTest.validateAccountLogin()[pri:0, instance:testCases.TC002_AccountLoginTest@42e3ede4]" name="validateAccountLogin" class="testCases.TC002_AccountLoginTest"/>
        <method signature="TC002_AccountLoginTest.validateAccountLogin()[pri:0, instance:testCases.TC002_AccountLoginTest@40499e4f]" name="validateAccountLogin" class="testCases.TC002_AccountLoginTest"/>
        <method signature="TC002_AccountLoginTest.validateAccountLogin()[pri:0, instance:testCases.TC002_AccountLoginTest@30d4b288]" name="validateAccountLogin" class="testCases.TC002_AccountLoginTest"/>
      </group> <!-- master -->
    </groups>
    <test started-at="2024-12-04T19:04:32 IST" name="ChromeTest" finished-at="2024-12-04T19:06:15 IST" duration-ms="102243">
      <class name="testCases.TC002_AccountLoginTest">
        <test-method is-config="true" signature="startSetup(java.lang.String,java.lang.String)[pri:0, instance:testCases.TC002_AccountLoginTest@30d4b288]" started-at="2024-12-04T19:04:37 IST" name="startSetup" finished-at="2024-12-04T19:05:43 IST" duration-ms="66065" status="PASS">
          <params>
            <param index="0">
              <value>
                <![CDATA[Windows]]>
              </value>
            </param>
            <param index="1">
              <value>
                <![CDATA[chrome]]>
              </value>
            </param>
          </params>
          <reporter-output>
          </reporter-output>
        </test-method> <!-- startSetup -->
        <test-method signature="validateAccountLogin()[pri:0, instance:testCases.TC002_AccountLoginTest@30d4b288]" started-at="2024-12-04T19:05:43 IST" name="validateAccountLogin" finished-at="2024-12-04T19:05:49 IST" duration-ms="5837" status="PASS">
          <reporter-output>
          </reporter-output>
        </test-method> <!-- validateAccountLogin -->
        <test-method is-config="true" signature="tearSetup()[pri:0, instance:testCases.TC002_AccountLoginTest@30d4b288]" started-at="2024-12-04T19:05:50 IST" name="tearSetup" finished-at="2024-12-04T19:06:15 IST" duration-ms="24944" status="PASS">
          <reporter-output>
          </reporter-output>
        </test-method> <!-- tearSetup -->
      </class> <!-- testCases.TC002_AccountLoginTest -->
    </test> <!-- ChromeTest -->
    <test started-at="2024-12-04T19:04:32 IST" name="EdgeTest" finished-at="2024-12-04T19:06:38 IST" duration-ms="125101">
      <class name="testCases.TC002_AccountLoginTest">
        <test-method is-config="true" signature="startSetup(java.lang.String,java.lang.String)[pri:0, instance:testCases.TC002_AccountLoginTest@40499e4f]" started-at="2024-12-04T19:04:35 IST" name="startSetup" finished-at="2024-12-04T19:06:26 IST" duration-ms="111574" status="PASS">
          <params>
            <param index="0">
              <value>
                <![CDATA[Windows]]>
              </value>
            </param>
            <param index="1">
              <value>
                <![CDATA[edge]]>
              </value>
            </param>
          </params>
          <reporter-output>
          </reporter-output>
        </test-method> <!-- startSetup -->
        <test-method signature="validateAccountLogin()[pri:0, instance:testCases.TC002_AccountLoginTest@40499e4f]" started-at="2024-12-04T19:06:26 IST" name="validateAccountLogin" finished-at="2024-12-04T19:06:33 IST" duration-ms="6566" status="PASS">
          <reporter-output>
          </reporter-output>
        </test-method> <!-- validateAccountLogin -->
        <test-method is-config="true" signature="tearSetup()[pri:0, instance:testCases.TC002_AccountLoginTest@40499e4f]" started-at="2024-12-04T19:06:33 IST" name="tearSetup" finished-at="2024-12-04T19:06:38 IST" duration-ms="4911" status="PASS">
          <reporter-output>
          </reporter-output>
        </test-method> <!-- tearSetup -->
      </class> <!-- testCases.TC002_AccountLoginTest -->
    </test> <!-- EdgeTest -->
    <test started-at="2024-12-04T19:04:32 IST" name="FirefoxTest" finished-at="2024-12-04T19:07:38 IST" duration-ms="185202">
      <class name="testCases.TC002_AccountLoginTest">
        <test-method is-config="true" signature="startSetup(java.lang.String,java.lang.String)[pri:0, instance:testCases.TC002_AccountLoginTest@42e3ede4]" started-at="2024-12-04T19:04:37 IST" name="startSetup" finished-at="2024-12-04T19:07:24 IST" duration-ms="166729" status="PASS">
          <params>
            <param index="0">
              <value>
                <![CDATA[Windows]]>
              </value>
            </param>
            <param index="1">
              <value>
                <![CDATA[firefox]]>
              </value>
            </param>
          </params>
          <reporter-output>
          </reporter-output>
        </test-method> <!-- startSetup -->
        <test-method signature="validateAccountLogin()[pri:0, instance:testCases.TC002_AccountLoginTest@42e3ede4]" started-at="2024-12-04T19:07:24 IST" name="validateAccountLogin" finished-at="2024-12-04T19:07:33 IST" duration-ms="9421" status="PASS">
          <reporter-output>
          </reporter-output>
        </test-method> <!-- validateAccountLogin -->
        <test-method is-config="true" signature="tearSetup()[pri:0, instance:testCases.TC002_AccountLoginTest@42e3ede4]" started-at="2024-12-04T19:07:33 IST" name="tearSetup" finished-at="2024-12-04T19:07:38 IST" duration-ms="4712" status="PASS">
          <reporter-output>
          </reporter-output>
        </test-method> <!-- tearSetup -->
      </class> <!-- testCases.TC002_AccountLoginTest -->
    </test> <!-- FirefoxTest -->
  </suite> <!-- Suite -->
</testng-results>
